C:\WINDOWS\SYSTEM32\WSPLOG\EFSCLIPBOARDCTRL.LOG
E:\WORK\CODE\DTSWINPROJ\DEBUG\DTSWINPROJ.EXE
E:\WORK\CODE\DTSWINPROJ\DEBUG\DTSWINPROJ.ILK
E:\WORK\CODE\DTSWINPROJ\DEBUG\DTSWINPROJ.PDB
E:\WORK\CODE\DTSWINPROJ\DTSWINPROJ\DEBUG\BISPMEM.OBJ
E:\WORK\CODE\DTSWINPROJ\DTSWINPROJ\DEBUG\BISPUTIL.OBJ
E:\work\code\DTSWinProj\DTSWinProj\Debug\cl.command.1.tlog
E:\work\code\DTSWinProj\DTSWinProj\Debug\CL.read.1.tlog
E:\work\code\DTSWinProj\DTSWinProj\Debug\CL.write.1.tlog
E:\WORK\CODE\DTSWINPROJ\DTSWINPROJ\DEBUG\DTSCOMMONLIBFUNC.OBJ
E:\WORK\CODE\DTSWINPROJ\DTSWINPROJ\DEBUG\DTSDEBUG.OBJ
E:\WORK\CODE\DTSWINPROJ\DTSWINPROJ\DEBUG\DTSTESTCOMMONLIB.OBJ
E:\WORK\CODE\DTSWINPROJ\DTSWINPROJ\DEBUG\DTSTESTUNIT.OBJ
E:\WORK\CODE\DTSWINPROJ\DTSWINPROJ\DEBUG\DTSVIRTUALNETMANAGER.OBJ
E:\WORK\CODE\DTSWINPROJ\DTSWINPROJ\DEBUG\DTSVIRTUALNETMANAGERFUNCCALL.OBJ
E:\WORK\CODE\DTSWINPROJ\DTSWINPROJ\DEBUG\DTSVIRTUALNETMANAGERFUNCCALLTESTSTUB.OBJ
E:\WORK\CODE\DTSWINPROJ\DTSWINPROJ\DEBUG\DTSVIRTUALNETMANAGERINTERFACE.OBJ
E:\WORK\CODE\DTSWINPROJ\DTSWINPROJ\DEBUG\DTSVIRTUALNETMANAGERPATH.OBJ
E:\WORK\CODE\DTSWINPROJ\DTSWINPROJ\DEBUG\DTSVIRTUALNETMANAGERTESTFUNC.OBJ
E:\WORK\CODE\DTSWINPROJ\DTSWINPROJ\DEBUG\DTSVIRTUALNETMANAGERTESTFUNC2.OBJ
E:\WORK\CODE\DTSWINPROJ\DTSWINPROJ\DEBUG\DTSVIRTUALNETMANAGERTESTFUNC2_1.OBJ
E:\WORK\CODE\DTSWINPROJ\DTSWINPROJ\DEBUG\DTSVIRTUALNETMANAGERTESTFUNC3.OBJ
E:\WORK\CODE\DTSWINPROJ\DTSWINPROJ\DEBUG\DTSVIRTUALNETMANAGERTESTFUNC4.OBJ
E:\WORK\CODE\DTSWINPROJ\DTSWINPROJ\DEBUG\DTSVIRTUALNETMANAGERTESTFUNC5.OBJ
E:\WORK\CODE\DTSWINPROJ\DTSWINPROJ\DEBUG\DTSWINPROJ.EXE.EMBED.MANIFEST
E:\WORK\CODE\DTSWINPROJ\DTSWINPROJ\DEBUG\DTSWINPROJ.EXE.EMBED.MANIFEST.RES
E:\WORK\CODE\DTSWINPROJ\DTSWINPROJ\DEBUG\DTSWINPROJ.EXE.INTERMEDIATE.MANIFEST
E:\WORK\CODE\DTSWINPROJ\DTSWINPROJ\DEBUG\DTSWINPROJ.OBJ
E:\WORK\CODE\DTSWINPROJ\DTSWINPROJ\DEBUG\DTSWINPROJ.PCH
E:\work\code\DTSWinProj\DTSWinProj\Debug\DTSWinProj_manifest.rc
E:\WORK\CODE\DTSWINPROJ\DTSWINPROJ\DEBUG\FASTMALLOC.OBJ
E:\work\code\DTSWinProj\DTSWinProj\Debug\link.3960.read.1.tlog
E:\work\code\DTSWinProj\DTSWinProj\Debug\link.3960.write.1.tlog
E:\work\code\DTSWinProj\DTSWinProj\Debug\link.3960-cvtres.read.1.tlog
E:\work\code\DTSWinProj\DTSWinProj\Debug\link.3960-cvtres.write.1.tlog
E:\work\code\DTSWinProj\DTSWinProj\Debug\link.command.1.tlog
E:\work\code\DTSWinProj\DTSWinProj\Debug\link.read.1.tlog
E:\work\code\DTSWinProj\DTSWinProj\Debug\link.write.1.tlog
E:\work\code\DTSWinProj\DTSWinProj\Debug\link-cvtres.read.1.tlog
E:\work\code\DTSWinProj\DTSWinProj\Debug\link-cvtres.write.1.tlog
E:\work\code\DTSWinProj\DTSWinProj\Debug\mt.command.1.tlog
E:\work\code\DTSWinProj\DTSWinProj\Debug\mt.read.1.tlog
E:\work\code\DTSWinProj\DTSWinProj\Debug\mt.write.1.tlog
E:\WORK\CODE\DTSWINPROJ\DTSWINPROJ\DEBUG\NSLPROFILE.OBJ
E:\work\code\DTSWinProj\DTSWinProj\Debug\rc.command.1.tlog
E:\work\code\DTSWinProj\DTSWinProj\Debug\rc.read.1.tlog
E:\work\code\DTSWinProj\DTSWinProj\Debug\rc.write.1.tlog
E:\WORK\CODE\DTSWINPROJ\DTSWINPROJ\DEBUG\SOFTBUS.OBJ
E:\WORK\CODE\DTSWINPROJ\DTSWINPROJ\DEBUG\STDAFX.OBJ
E:\work\code\DTSWinProj\DTSWinProj\Debug\vc100.idb
E:\WORK\CODE\DTSWINPROJ\DTSWINPROJ\DEBUG\VC100.PDB
